2026-07-10 15:57:41,881 - INFO - Function executed: add_student
2026-07-10 15:58:02,708 - INFO - Student Added: supriya
2026-07-10 15:58:06,711 - INFO - Function executed: add_student
2026-07-10 15:58:19,029 - INFO - Student Added: monesh
2026-07-10 15:58:20,653 - INFO - Function executed: add_student
2026-07-10 15:58:39,074 - INFO - Student Added: hema
2026-07-10 15:58:40,389 - INFO - Function executed: add_student
2026-07-10 15:59:02,689 - INFO - Student Added: mahesh
2026-07-10 15:59:06,507 - INFO - Function executed: view_students
2026-07-10 15:59:42,891 - INFO - Function executed: view_students
2026-07-10 16:28:36,655 - INFO - Function executed: save_to_json
2026-07-10 16:28:49,987 - INFO - Function executed: save_to_json
2026-07-10 16:28:56,736 - INFO - Function executed: load_from_json
2026-07-10 16:28:59,095 - INFO - Function executed: load_from_json
2026-07-10 16:29:03,873 - INFO - Function executed: generator_demo
2026-07-10 16:29:11,951 - INFO - Function executed: generator_demo
2026-07-10 16:29:28,241 - INFO - Function executed: iterator_demo
2026-07-10 16:29:30,282 - INFO - Function executed: iterator_demo
2026-07-10 16:29:34,138 - INFO - Function executed: fetch_api_data
2026-07-10 16:29:35,485 - INFO - Function executed: fetch_api_data
2026-07-10 16:30:42,846 - INFO - Function executed: add_student
2026-07-10 16:31:02,171 - INFO - Student Added: supriya
2026-07-10 16:31:05,669 - INFO - Function executed: add_student
2026-07-10 16:31:27,794 - INFO - Student Added: marri
2026-07-10 16:31:34,692 - INFO - Function executed: add_student
2026-07-10 16:31:50,872 - INFO - Student Added: monesh
2026-07-10 16:31:52,310 - INFO - Function executed: add_student
2026-07-10 16:32:07,167 - INFO - Student Added: mahesh
2026-07-10 16:32:09,371 - INFO - Function executed: view_students
2026-07-10 16:32:22,268 - INFO - Function executed: save_to_json
2026-07-10 16:32:25,023 - INFO - Function executed: load_from_json
2026-07-10 16:32:26,856 - INFO - Function executed: generator_demo
2026-07-10 16:32:28,911 - INFO - Function executed: iterator_demo
2026-07-10 16:32:30,252 - INFO - Function executed: fetch_api_data
